Using pre-set license

 COMMAND LINE ARGUMENTS:
/Applications/Unity/Hub/Editor/2020.2.2f1/Unity.app/Contents/MacOS/Unity
-adb2
-batchMode
-noUpm
-name
AssetImportWorker0
-projectPath
/Users/erikskoog/Documents/Unity Projects/ball-roll-module1-skoog
-logFile
Logs/AssetImportWorker0.log
-srvPort
56090
Successfully changed project path to: /Users/erikskoog/Documents/Unity Projects/ball-roll-module1-skoog
/Users/erikskoog/Documents/Unity Projects/ball-roll-module1-skoog
Using Asset Import Pipeline V2.
Refreshing native plugins compatible for Editor in 22.04 ms, found 2 plugins.
Preloading 0 native plugins for Editor in 0.00 ms.
Initialize engine version: 2020.2.2f1 (068178b99f32)
[Subsystems] Discovering subsystems at path /Applications/Unity/Hub/Editor/2020.2.2f1/Unity.app/Contents/Resources/UnitySubsystems
[Subsystems] Discovering subsystems at path /Users/erikskoog/Documents/Unity Projects/ball-roll-module1-skoog/Assets
GfxDevice: creating device client; threaded=0
2021-01-29 16:31:40.190 Unity[13469:859287] (null) preferred device: Apple M1 (high power)
2021-01-29 16:31:40.190 Unity[13469:859287] Metal devices available: 1
2021-01-29 16:31:40.190 Unity[13469:859287] 0: Apple M1 (high power)
2021-01-29 16:31:40.191 Unity[13469:859287] Using device Apple M1 (high power)
Initializing Metal device caps: Apple M1
Initialize mono
Mono path[0] = '/Applications/Unity/Hub/Editor/2020.2.2f1/Unity.app/Contents/Managed'
Mono path[1] = '/Applications/Unity/Hub/Editor/2020.2.2f1/Unity.app/Contents/MonoBleedingEdge/lib/mono/unityjit'
Mono config path = '/Applications/Unity/Hub/Editor/2020.2.2f1/Unity.app/Contents/MonoBleedingEdge/etc'
Using monoOptions --debugger-agent=transport=dt_socket,embedding=1,server=y,suspend=n,address=127.0.0.1:56469
Begin MonoManager ReloadAssembly
Registering precompiled unity dll's ...
Register platform support module: /Applications/Unity/Hub/Editor/2020.2.2f1/Unity.app/Contents/PlaybackEngines/MacStandaloneSupport/UnityEditor.OSXStandalone.Extensions.dll
Registered in 0.002190 seconds.
Native extension for OSXStandalone target not found
Refreshing native plugins compatible for Editor in 21.80 ms, found 2 plugins.
Preloading 0 native plugins for Editor in 0.00 ms.
Invoked RoslynAnalysisRunner static constructor.
RoslynAnalysisRunner will not be running.
RoslynAnalysisRunner has terminated.
Mono: successfully reloaded assembly
- Completed reload, in  1.932 seconds
Platform modules already initialized, skipping
Registering precompiled user dll's ...
Registered in 0.006477 seconds.
Begin MonoManager ReloadAssembly
Native extension for OSXStandalone target not found
Refreshing native plugins compatible for Editor in 0.32 ms, found 2 plugins.
Preloading 0 native plugins for Editor in 0.00 ms.
Invoked RoslynAnalysisRunner static constructor.
RoslynAnalysisRunner will not be running.
RoslynAnalysisRunner has terminated.
Mono: successfully reloaded assembly
- Completed reload, in  1.908 seconds
Platform modules already initialized, skipping
========================================================================
Worker process is ready to serve import requests
Launching external process: /Applications/Unity/Hub/Editor/2020.2.2f1/Unity.app/Contents/Tools/UnityShaderCompiler
Launched and connected shader compiler UnityShaderCompiler after 0.03 seconds
Refreshing native plugins compatible for Editor in 0.28 ms, found 2 plugins.
Preloading 0 native plugins for Editor in 0.00 ms.
Unloading 1099 Unused Serialized files (Serialized files now loaded: 0)
System memory in use before: 113.6 MB.
System memory in use after: 113.6 MB.

Unloading 26 unused Assets to reduce memory usage. Loaded Objects now: 1567.
Total: 1.365792 ms (FindLiveObjects: 0.145792 ms CreateObjectMapping: 0.024542 ms MarkObjects: 1.108542 ms  DeleteObjects: 0.085709 ms)

========================================================================
Received Import Request.
  path: Assets/Scripts/Pacer.cs
  artifactKey: Guid(fb5efc2ee269a4ed9bf594e1833ff89a) Importer(815301076,1909f56bfc062723c751e8b465ee728b)
Start importing Assets/Scripts/Pacer.cs using Guid(fb5efc2ee269a4ed9bf594e1833ff89a) Importer(815301076,1909f56bfc062723c751e8b465ee728b)  -> (artifact id: '766df4b6ae5410be0b8db220d47eac45') in 0.260287 seconds
  Import took 0.262183 seconds .

========================================================================
Received Prepare
Registering precompiled user dll's ...
Registered in 0.003803 seconds.
Begin MonoManager ReloadAssembly
Native extension for OSXStandalone target not found
Refreshing native plugins compatible for Editor in 0.28 ms, found 2 plugins.
Preloading 0 native plugins for Editor in 0.00 ms.
Invoked RoslynAnalysisRunner static constructor.
RoslynAnalysisRunner will not be running.
RoslynAnalysisRunner has terminated.
Mono: successfully reloaded assembly
- Completed reload, in  1.669 seconds
Platform modules already initialized, skipping
Refreshing native plugins compatible for Editor in 0.29 ms, found 2 plugins.
Preloading 0 native plugins for Editor in 0.00 ms.
Unloading 1094 Unused Serialized files (Serialized files now loaded: 0)
System memory in use before: 118.4 MB.
System memory in use after: 118.5 MB.

Unloading 21 unused Assets to reduce memory usage. Loaded Objects now: 1569.
Total: 1.165709 ms (FindLiveObjects: 0.106541 ms CreateObjectMapping: 0.023375 ms MarkObjects: 1.012916 ms  DeleteObjects: 0.022084 ms)

========================================================================
Received Import Request.
  Time since last request: 158.961018 seconds.
  path: Assets/Scripts/Pacer.cs
  artifactKey: Guid(fb5efc2ee269a4ed9bf594e1833ff89a) Importer(815301076,1909f56bfc062723c751e8b465ee728b)
Start importing Assets/Scripts/Pacer.cs using Guid(fb5efc2ee269a4ed9bf594e1833ff89a) Importer(815301076,1909f56bfc062723c751e8b465ee728b)  -> (artifact id: '4dd918256727b373a92a1a43b1a2b8f3') in 0.005986 seconds
  Import took 0.007507 seconds .

========================================================================
Received Import Request.
  Time since last request: 0.024374 seconds.
  path: Assets/Scripts/Pacer.cs
  artifactKey: Guid(fb5efc2ee269a4ed9bf594e1833ff89a) Importer(815301076,1909f56bfc062723c751e8b465ee728b)
Start importing Assets/Scripts/Pacer.cs using Guid(fb5efc2ee269a4ed9bf594e1833ff89a) Importer(815301076,1909f56bfc062723c751e8b465ee728b)  -> (artifact id: '4dd918256727b373a92a1a43b1a2b8f3') in 0.001914 seconds
  Import took 0.003412 seconds .

========================================================================
Received Prepare
Registering precompiled user dll's ...
Registered in 0.001439 seconds.
Begin MonoManager ReloadAssembly
Native extension for OSXStandalone target not found
Refreshing native plugins compatible for Editor in 0.28 ms, found 2 plugins.
Preloading 0 native plugins for Editor in 0.00 ms.
Invoked RoslynAnalysisRunner static constructor.
RoslynAnalysisRunner will not be running.
RoslynAnalysisRunner has terminated.
Mono: successfully reloaded assembly
- Completed reload, in  1.530 seconds
Platform modules already initialized, skipping
Refreshing native plugins compatible for Editor in 0.29 ms, found 2 plugins.
Preloading 0 native plugins for Editor in 0.00 ms.
Unloading 1094 Unused Serialized files (Serialized files now loaded: 0)
System memory in use before: 119.3 MB.
System memory in use after: 119.4 MB.

Unloading 21 unused Assets to reduce memory usage. Loaded Objects now: 1571.
Total: 1.236250 ms (FindLiveObjects: 0.088916 ms CreateObjectMapping: 0.027625 ms MarkObjects: 1.100625 ms  DeleteObjects: 0.018208 ms)

